\BOOKMARK [1][-]{section.1}{Synopsis}{}% 1
\BOOKMARK [1][-]{section.2}{Literature Review}{}% 2
\BOOKMARK [1][-]{section.3}{Reflection}{}% 3
\BOOKMARK [1][-]{section.4}{Submission Guideline}{}% 4
\BOOKMARK [2][-]{subsection.4.1}{Style}{section.4}% 5
\BOOKMARK [2][-]{subsection.4.2}{Retrieval of style files}{section.4}% 6
\BOOKMARK [1][-]{section.5}{General formatting instructions}{}% 7
\BOOKMARK [1][-]{section.6}{Headings: first level}{}% 8
\BOOKMARK [2][-]{subsection.6.1}{Headings: second level}{section.6}% 9
\BOOKMARK [3][-]{subsubsection.6.1.1}{Headings: third level}{subsection.6.1}% 10
\BOOKMARK [1][-]{section.7}{Citations, figures, tables, references}{}% 11
\BOOKMARK [2][-]{subsection.7.1}{Citations within the text}{section.7}% 12
\BOOKMARK [2][-]{subsection.7.2}{Footnotes}{section.7}% 13
\BOOKMARK [2][-]{subsection.7.3}{Figures}{section.7}% 14
\BOOKMARK [2][-]{subsection.7.4}{Tables}{section.7}% 15
\BOOKMARK [1][-]{section.8}{Default Notation}{}% 16
\BOOKMARK [1][-]{section.9}{Final instructions}{}% 17
\BOOKMARK [1][-]{section.10}{Preparing PostScript or PDF files}{}% 18
\BOOKMARK [2][-]{subsection.10.1}{Margins in LaTeX}{section.10}% 19
\BOOKMARK [1][-]{appendix.A}{Appendix}{}% 20
